<?xml version="1.0" encoding="UTF-8"?>
<!-- Generated by org.testng.reporters.JUnitReportReporter -->
<testsuite hostname="LAPTOP-J5E37TJF" failures="0" tests="4" name="test.LoginTest" time="2.119" errors="0" timestamp="2023-02-09T08:47:56 IST" skipped="0">
  <testcase classname="test.LoginTest" name="verifyBuildTitleName" time="0.027"/>
  <system-out/>
  <testcase classname="test.LoginTest" name="verifyTitleOfLoginPage" time="0.361"/>
  <system-out/>
  <testcase classname="test.LoginTest" name="verifyCurrentUrlOfPage" time="0.008"/>
  <system-out/>
  <testcase classname="test.LoginTest" name="verifyLoginWithCorrectCredentials" time="1.723"/>
  <system-out/>
</testsuite> <!-- test.LoginTest -->
