<?xml version="1.0" encoding="UTF-8"?>
<!-- Generated by org.testng.reporters.JUnitReportReporter -->
<testsuite hostname="LAPTOP-J5E37TJF" failures="0" tests="5" name="test.PIMTest" time="1.774" errors="0" timestamp="2023-03-02T08:06:29 IST" skipped="0">
  <testcase classname="test.PIMTest" name="verifyPimPageTitle" time="1.601"/>
  <system-out/>
  <testcase classname="test.PIMTest" name="verifyEmpSearchEmpId" time="0.167"/>
  <system-out/>
  <testcase classname="test.PIMTest" name="TestIngChanges" time="0.002"/>
  <system-out/>
  <testcase classname="test.PIMTest" name="TestGit1" time="0.002"/>
  <system-out/>
  <testcase classname="test.PIMTest" name="TestingGitFeature" time="0.002"/>
  <system-out/>
</testsuite> <!-- test.PIMTest -->
