<?xml version="1.0" encoding="UTF-8"?>
<!-- Generated by org.testng.reporters.JUnitReportReporter -->
<testsuite hostname="LAPTOP-J5E37TJF" failures="0" tests="3" name="test.PIMTest" time="1.706" errors="0" timestamp="2023-02-09T08:47:56 IST" skipped="0">
  <testcase classname="test.PIMTest" name="verifyPimPageTitle" time="1.544"/>
  <system-out/>
  <testcase classname="test.PIMTest" name="verifyEmpSearchEmpId" time="0.161"/>
  <system-out/>
  <testcase classname="test.PIMTest" name="TestIngChanges" time="0.001"/>
  <system-out/>
</testsuite> <!-- test.PIMTest -->
