<?xml version="1.0" encoding="UTF-8"?>
<!-- Generated by org.testng.reporters.JUnitReportReporter -->
<testsuite hostname="LAPTOP-J5E37TJF" failures="0" tests="4" name="test.LoginTest" time="2.460" errors="0" timestamp="2023-03-02T08:06:29 IST" skipped="0">
  <testcase classname="test.LoginTest" name="verifyBuildTitleName" time="0.029"/>
  <system-out/>
  <testcase classname="test.LoginTest" name="verifyTitleOfLoginPage" time="0.406"/>
  <system-out/>
  <testcase classname="test.LoginTest" name="verifyCurrentUrlOfPage" time="0.016"/>
  <system-out/>
  <testcase classname="test.LoginTest" name="verifyLoginWithCorrectCredentials" time="2.009"/>
  <system-out/>
</testsuite> <!-- test.LoginTest -->
